2024-03-28 01:00:40.918 [WARN]  [HikariPool-1 housekeeper] com.zaxxer.hikari.pool.HikariPool                  - HikariPool-1 - Thread starvation or clock leap detected (housekeeper delta=1h7m51s860ms).
2024-03-28 01:00:41.802 [INFO]  [AsyncResolver-bootstrap-executor-0] c.n.d.s.r.aws.ConfigClusterResolver                - Resolving eureka endpoints via configuration
2024-03-28 01:01:11.713 [ERROR]  [scheduling-1] o.s.s.s.TaskUtils$LoggingErrorHandler              - Unexpected error occurred in scheduled task
java.lang.RuntimeException: IOException during API request to Stripe (https://api.stripe.com): api.stripe.com Please check your internet connection and try again. If this problem persists,you should check Stripe's service status at https://twitter.com/stripestatus, or let us know at support@stripe.com.
	at com.example.paymentservice.service.StripeCronJobService.getPendingTransactionStatus(StripeCronJobService.java:41)
	at com.example.paymentservice.controller.StripeCronJobStatusController.getPendingTransactionStatus(StripeCronJobStatusController.java:30)
	at java.base/jdk.internal.reflect.DirectMethodHandleAccessor.invoke(DirectMethodHandleAccessor.java:104)
	at java.base/java.lang.reflect.Method.invoke(Method.java:578)
	at org.springframework.scheduling.support.ScheduledMethodRunnable.runInternal(ScheduledMethodRunnable.java:130)
	at org.springframework.scheduling.support.ScheduledMethodRunnable.lambda$run$2(ScheduledMethodRunnable.java:124)
	at io.micrometer.observation.Observation.observe(Observation.java:499)
	at org.springframework.scheduling.support.ScheduledMethodRunnable.run(ScheduledMethodRunnable.java:124)
	at org.springframework.scheduling.support.DelegatingErrorHandlingRunnable.run(DelegatingErrorHandlingRunnable.java:54)
	at org.springframework.scheduling.concurrent.ReschedulingRunnable.run(ReschedulingRunnable.java:96)
	at java.base/java.util.concurrent.Executors$RunnableAdapter.call(Executors.java:577)
	at java.base/java.util.concurrent.FutureTask.run(FutureTask.java:317)
	at java.base/java.util.concurrent.ScheduledThreadPoolExecutor$ScheduledFutureTask.run(ScheduledThreadPoolExecutor.java:304)
	at java.base/java.util.concurrent.ThreadPoolExecutor.runWorker(ThreadPoolExecutor.java:1144)
	at java.base/java.util.concurrent.ThreadPoolExecutor$Worker.run(ThreadPoolExecutor.java:642)
	at java.base/java.lang.Thread.run(Thread.java:1623)
2024-03-28 01:37:18.427 [WARN]  [HikariPool-1 housekeeper] com.zaxxer.hikari.pool.HikariPool                  - HikariPool-1 - Thread starvation or clock leap detected (housekeeper delta=36m37s509ms).
2024-03-28 01:39:53.020 [WARN]  [HikariPool-1 housekeeper] com.zaxxer.hikari.pool.HikariPool                  - HikariPool-1 - Thread starvation or clock leap detected (housekeeper delta=2m34s593ms).
2024-03-28 01:39:57.247 [ERROR]  [scheduling-1] o.s.s.s.TaskUtils$LoggingErrorHandler              - Unexpected error occurred in scheduled task
java.lang.RuntimeException: IOException during API request to Stripe (https://api.stripe.com): api.stripe.com Please check your internet connection and try again. If this problem persists,you should check Stripe's service status at https://twitter.com/stripestatus, or let us know at support@stripe.com.
	at com.example.paymentservice.service.StripeCronJobService.getPendingTransactionStatus(StripeCronJobService.java:41)
	at com.example.paymentservice.controller.StripeCronJobStatusController.getPendingTransactionStatus(StripeCronJobStatusController.java:30)
	at java.base/jdk.internal.reflect.DirectMethodHandleAccessor.invoke(DirectMethodHandleAccessor.java:104)
	at java.base/java.lang.reflect.Method.invoke(Method.java:578)
	at org.springframework.scheduling.support.ScheduledMethodRunnable.runInternal(ScheduledMethodRunnable.java:130)
	at org.springframework.scheduling.support.ScheduledMethodRunnable.lambda$run$2(ScheduledMethodRunnable.java:124)
	at io.micrometer.observation.Observation.observe(Observation.java:499)
	at org.springframework.scheduling.support.ScheduledMethodRunnable.run(ScheduledMethodRunnable.java:124)
	at org.springframework.scheduling.support.DelegatingErrorHandlingRunnable.run(DelegatingErrorHandlingRunnable.java:54)
	at org.springframework.scheduling.concurrent.ReschedulingRunnable.run(ReschedulingRunnable.java:96)
	at java.base/java.util.concurrent.Executors$RunnableAdapter.call(Executors.java:577)
	at java.base/java.util.concurrent.FutureTask.run(FutureTask.java:317)
	at java.base/java.util.concurrent.ScheduledThreadPoolExecutor$ScheduledFutureTask.run(ScheduledThreadPoolExecutor.java:304)
	at java.base/java.util.concurrent.ThreadPoolExecutor.runWorker(ThreadPoolExecutor.java:1144)
	at java.base/java.util.concurrent.ThreadPoolExecutor$Worker.run(ThreadPoolExecutor.java:642)
	at java.base/java.lang.Thread.run(Thread.java:1623)
2024-03-28 02:45:21.897 [ERROR]  [scheduling-1] o.s.s.s.TaskUtils$LoggingErrorHandler              - Unexpected error occurred in scheduled task
java.lang.RuntimeException: IOException during API request to Stripe (https://api.stripe.com): api.stripe.com Please check your internet connection and try again. If this problem persists,you should check Stripe's service status at https://twitter.com/stripestatus, or let us know at support@stripe.com.
	at com.example.paymentservice.service.StripeCronJobService.getPendingTransactionStatus(StripeCronJobService.java:41)
	at com.example.paymentservice.controller.StripeCronJobStatusController.getPendingTransactionStatus(StripeCronJobStatusController.java:30)
	at java.base/jdk.internal.reflect.DirectMethodHandleAccessor.invoke(DirectMethodHandleAccessor.java:104)
	at java.base/java.lang.reflect.Method.invoke(Method.java:578)
	at org.springframework.scheduling.support.ScheduledMethodRunnable.runInternal(ScheduledMethodRunnable.java:130)
	at org.springframework.scheduling.support.ScheduledMethodRunnable.lambda$run$2(ScheduledMethodRunnable.java:124)
	at io.micrometer.observation.Observation.observe(Observation.java:499)
	at org.springframework.scheduling.support.ScheduledMethodRunnable.run(ScheduledMethodRunnable.java:124)
	at org.springframework.scheduling.support.DelegatingErrorHandlingRunnable.run(DelegatingErrorHandlingRunnable.java:54)
	at org.springframework.scheduling.concurrent.ReschedulingRunnable.run(ReschedulingRunnable.java:96)
	at java.base/java.util.concurrent.Executors$RunnableAdapter.call(Executors.java:577)
	at java.base/java.util.concurrent.FutureTask.run(FutureTask.java:317)
	at java.base/java.util.concurrent.ScheduledThreadPoolExecutor$ScheduledFutureTask.run(ScheduledThreadPoolExecutor.java:304)
	at java.base/java.util.concurrent.ThreadPoolExecutor.runWorker(ThreadPoolExecutor.java:1144)
	at java.base/java.util.concurrent.ThreadPoolExecutor$Worker.run(ThreadPoolExecutor.java:642)
	at java.base/java.lang.Thread.run(Thread.java:1623)
2024-03-28 03:51:28.779 [WARN]  [HikariPool-1 housekeeper] com.zaxxer.hikari.pool.HikariPool                  - HikariPool-1 - Thread starvation or clock leap detected (housekeeper delta=2h11m35s758ms).
2024-03-28 04:56:58.224 [WARN]  [HikariPool-1 housekeeper] com.zaxxer.hikari.pool.HikariPool                  - HikariPool-1 - Thread starvation or clock leap detected (housekeeper delta=1h5m29s445ms).
2024-03-28 05:34:43.154 [ERROR]  [scheduling-1] o.s.s.s.TaskUtils$LoggingErrorHandler              - Unexpected error occurred in scheduled task
java.lang.RuntimeException: IOException during API request to Stripe (https://api.stripe.com): api.stripe.com Please check your internet connection and try again. If this problem persists,you should check Stripe's service status at https://twitter.com/stripestatus, or let us know at support@stripe.com.
	at com.example.paymentservice.service.StripeCronJobService.getPendingTransactionStatus(StripeCronJobService.java:41)
	at com.example.paymentservice.controller.StripeCronJobStatusController.getPendingTransactionStatus(StripeCronJobStatusController.java:30)
	at java.base/jdk.internal.reflect.DirectMethodHandleAccessor.invoke(DirectMethodHandleAccessor.java:104)
	at java.base/java.lang.reflect.Method.invoke(Method.java:578)
	at org.springframework.scheduling.support.ScheduledMethodRunnable.runInternal(ScheduledMethodRunnable.java:130)
	at org.springframework.scheduling.support.ScheduledMethodRunnable.lambda$run$2(ScheduledMethodRunnable.java:124)
	at io.micrometer.observation.Observation.observe(Observation.java:499)
	at org.springframework.scheduling.support.ScheduledMethodRunnable.run(ScheduledMethodRunnable.java:124)
	at org.springframework.scheduling.support.DelegatingErrorHandlingRunnable.run(DelegatingErrorHandlingRunnable.java:54)
	at org.springframework.scheduling.concurrent.ReschedulingRunnable.run(ReschedulingRunnable.java:96)
	at java.base/java.util.concurrent.Executors$RunnableAdapter.call(Executors.java:577)
	at java.base/java.util.concurrent.FutureTask.run(FutureTask.java:317)
	at java.base/java.util.concurrent.ScheduledThreadPoolExecutor$ScheduledFutureTask.run(ScheduledThreadPoolExecutor.java:304)
	at java.base/java.util.concurrent.ThreadPoolExecutor.runWorker(ThreadPoolExecutor.java:1144)
	at java.base/java.util.concurrent.ThreadPoolExecutor$Worker.run(ThreadPoolExecutor.java:642)
	at java.base/java.lang.Thread.run(Thread.java:1623)
2024-03-28 06:40:00.978 [WARN]  [HikariPool-1 housekeeper] com.zaxxer.hikari.pool.HikariPool                  - HikariPool-1 - Thread starvation or clock leap detected (housekeeper delta=1h43m2s754ms).
2024-03-28 06:40:04.398 [ERROR]  [scheduling-1] o.s.s.s.TaskUtils$LoggingErrorHandler              - Unexpected error occurred in scheduled task
java.lang.RuntimeException: IOException during API request to Stripe (https://api.stripe.com): api.stripe.com Please check your internet connection and try again. If this problem persists,you should check Stripe's service status at https://twitter.com/stripestatus, or let us know at support@stripe.com.
	at com.example.paymentservice.service.StripeCronJobService.getPendingTransactionStatus(StripeCronJobService.java:41)
	at com.example.paymentservice.controller.StripeCronJobStatusController.getPendingTransactionStatus(StripeCronJobStatusController.java:30)
	at java.base/jdk.internal.reflect.DirectMethodHandleAccessor.invoke(DirectMethodHandleAccessor.java:104)
	at java.base/java.lang.reflect.Method.invoke(Method.java:578)
	at org.springframework.scheduling.support.ScheduledMethodRunnable.runInternal(ScheduledMethodRunnable.java:130)
	at org.springframework.scheduling.support.ScheduledMethodRunnable.lambda$run$2(ScheduledMethodRunnable.java:124)
	at io.micrometer.observation.Observation.observe(Observation.java:499)
	at org.springframework.scheduling.support.ScheduledMethodRunnable.run(ScheduledMethodRunnable.java:124)
	at org.springframework.scheduling.support.DelegatingErrorHandlingRunnable.run(DelegatingErrorHandlingRunnable.java:54)
	at org.springframework.scheduling.concurrent.ReschedulingRunnable.run(ReschedulingRunnable.java:96)
	at java.base/java.util.concurrent.Executors$RunnableAdapter.call(Executors.java:577)
	at java.base/java.util.concurrent.FutureTask.run(FutureTask.java:317)
	at java.base/java.util.concurrent.ScheduledThreadPoolExecutor$ScheduledFutureTask.run(ScheduledThreadPoolExecutor.java:304)
	at java.base/java.util.concurrent.ThreadPoolExecutor.runWorker(ThreadPoolExecutor.java:1144)
	at java.base/java.util.concurrent.ThreadPoolExecutor$Worker.run(ThreadPoolExecutor.java:642)
	at java.base/java.lang.Thread.run(Thread.java:1623)
2024-03-28 07:30:08.599 [WARN]  [HikariPool-1 housekeeper] com.zaxxer.hikari.pool.HikariPool                  - HikariPool-1 - Thread starvation or clock leap detected (housekeeper delta=50m7s622ms).
2024-03-28 07:36:01.946 [WARN]  [HikariPool-1 housekeeper] com.zaxxer.hikari.pool.HikariPool                  - HikariPool-1 - Thread starvation or clock leap detected (housekeeper delta=5m53s347ms).
2024-03-28 08:06:05.338 [ERROR]  [scheduling-1] o.s.s.s.TaskUtils$LoggingErrorHandler              - Unexpected error occurred in scheduled task
java.lang.RuntimeException: IOException during API request to Stripe (https://api.stripe.com): api.stripe.com Please check your internet connection and try again. If this problem persists,you should check Stripe's service status at https://twitter.com/stripestatus, or let us know at support@stripe.com.
	at com.example.paymentservice.service.StripeCronJobService.getPendingTransactionStatus(StripeCronJobService.java:41)
	at com.example.paymentservice.controller.StripeCronJobStatusController.getPendingTransactionStatus(StripeCronJobStatusController.java:30)
	at java.base/jdk.internal.reflect.DirectMethodHandleAccessor.invoke(DirectMethodHandleAccessor.java:104)
	at java.base/java.lang.reflect.Method.invoke(Method.java:578)
	at org.springframework.scheduling.support.ScheduledMethodRunnable.runInternal(ScheduledMethodRunnable.java:130)
	at org.springframework.scheduling.support.ScheduledMethodRunnable.lambda$run$2(ScheduledMethodRunnable.java:124)
	at io.micrometer.observation.Observation.observe(Observation.java:499)
	at org.springframework.scheduling.support.ScheduledMethodRunnable.run(ScheduledMethodRunnable.java:124)
	at org.springframework.scheduling.support.DelegatingErrorHandlingRunnable.run(DelegatingErrorHandlingRunnable.java:54)
	at org.springframework.scheduling.concurrent.ReschedulingRunnable.run(ReschedulingRunnable.java:96)
	at java.base/java.util.concurrent.Executors$RunnableAdapter.call(Executors.java:577)
	at java.base/java.util.concurrent.FutureTask.run(FutureTask.java:317)
	at java.base/java.util.concurrent.ScheduledThreadPoolExecutor$ScheduledFutureTask.run(ScheduledThreadPoolExecutor.java:304)
	at java.base/java.util.concurrent.ThreadPoolExecutor.runWorker(ThreadPoolExecutor.java:1144)
	at java.base/java.util.concurrent.ThreadPoolExecutor$Worker.run(ThreadPoolExecutor.java:642)
	at java.base/java.lang.Thread.run(Thread.java:1623)
2024-03-28 09:37:44.416 [WARN]  [HikariPool-1 housekeeper] com.zaxxer.hikari.pool.HikariPool                  - HikariPool-1 - Thread starvation or clock leap detected (housekeeper delta=2h1m42s469ms).
2024-03-28 10:09:25.308 [WARN]  [HikariPool-1 housekeeper] com.zaxxer.hikari.pool.HikariPool                  - HikariPool-1 - Thread starvation or clock leap detected (housekeeper delta=31m40s892ms).
2024-03-28 10:09:56.065 [INFO]  [AsyncResolver-bootstrap-executor-0] c.n.d.s.r.aws.ConfigClusterResolver                - Resolving eureka endpoints via configuration
2024-03-28 10:14:56.072 [INFO]  [AsyncResolver-bootstrap-executor-0] c.n.d.s.r.aws.ConfigClusterResolver                - Resolving eureka endpoints via configuration
2024-03-28 10:19:56.079 [INFO]  [AsyncResolver-bootstrap-executor-0] c.n.d.s.r.aws.ConfigClusterResolver                - Resolving eureka endpoints via configuration
2024-03-28 10:24:56.088 [INFO]  [AsyncResolver-bootstrap-executor-0] c.n.d.s.r.aws.ConfigClusterResolver                - Resolving eureka endpoints via configuration
2024-03-28 11:34:08.511 [WARN]  [HikariPool-1 housekeeper] com.zaxxer.hikari.pool.HikariPool                  - HikariPool-1 - Thread starvation or clock leap detected (housekeeper delta=1h5m43s42ms).
2024-03-28 13:11:16.090 [WARN]  [HikariPool-1 housekeeper] com.zaxxer.hikari.pool.HikariPool                  - HikariPool-1 - Thread starvation or clock leap detected (housekeeper delta=1h37m7s580ms).
2024-03-28 13:11:46.705 [INFO]  [AsyncResolver-bootstrap-executor-0] c.n.d.s.r.aws.ConfigClusterResolver                - Resolving eureka endpoints via configuration
2024-03-28 13:16:46.712 [INFO]  [AsyncResolver-bootstrap-executor-0] c.n.d.s.r.aws.ConfigClusterResolver                - Resolving eureka endpoints via configuration
2024-03-28 13:21:46.727 [INFO]  [AsyncResolver-bootstrap-executor-0] c.n.d.s.r.aws.ConfigClusterResolver                - Resolving eureka endpoints via configuration
2024-03-28 13:26:46.738 [INFO]  [AsyncResolver-bootstrap-executor-0] c.n.d.s.r.aws.ConfigClusterResolver                - Resolving eureka endpoints via configuration
2024-03-28 13:31:57.207 [WARN]  [HikariPool-1 housekeeper] com.zaxxer.hikari.pool.HikariPool                  - HikariPool-1 - Thread starvation or clock leap detected (housekeeper delta=2m40s958ms).
2024-03-28 13:33:57.705 [INFO]  [AsyncResolver-bootstrap-executor-0] c.n.d.s.r.aws.ConfigClusterResolver                - Resolving eureka endpoints via configuration
2024-03-28 13:38:57.716 [INFO]  [AsyncResolver-bootstrap-executor-0] c.n.d.s.r.aws.ConfigClusterResolver                - Resolving eureka endpoints via configuration
2024-03-28 13:43:57.724 [INFO]  [AsyncResolver-bootstrap-executor-0] c.n.d.s.r.aws.ConfigClusterResolver                - Resolving eureka endpoints via configuration
2024-03-28 13:48:57.737 [INFO]  [AsyncResolver-bootstrap-executor-0] c.n.d.s.r.aws.ConfigClusterResolver                - Resolving eureka endpoints via configuration
2024-03-28 13:53:57.752 [INFO]  [AsyncResolver-bootstrap-executor-0] c.n.d.s.r.aws.ConfigClusterResolver                - Resolving eureka endpoints via configuration
2024-03-28 13:58:57.768 [INFO]  [AsyncResolver-bootstrap-executor-0] c.n.d.s.r.aws.ConfigClusterResolver                - Resolving eureka endpoints via configuration
2024-03-28 14:20:06.096 [WARN]  [HikariPool-1 housekeeper] com.zaxxer.hikari.pool.HikariPool                  - HikariPool-1 - Thread starvation or clock leap detected (housekeeper delta=16m38s536ms).
2024-03-28 14:20:06.312 [INFO]  [AsyncResolver-bootstrap-executor-0] c.n.d.s.r.aws.ConfigClusterResolver                - Resolving eureka endpoints via configuration
2024-03-28 14:20:08.587 [ERROR]  [scheduling-1] o.s.s.s.TaskUtils$LoggingErrorHandler              - Unexpected error occurred in scheduled task
java.lang.RuntimeException: IOException during API request to Stripe (https://api.stripe.com): api.stripe.com Please check your internet connection and try again. If this problem persists,you should check Stripe's service status at https://twitter.com/stripestatus, or let us know at support@stripe.com.
	at com.example.paymentservice.service.StripeCronJobService.getPendingTransactionStatus(StripeCronJobService.java:41)
	at com.example.paymentservice.controller.StripeCronJobStatusController.getPendingTransactionStatus(StripeCronJobStatusController.java:30)
	at java.base/jdk.internal.reflect.DirectMethodHandleAccessor.invoke(DirectMethodHandleAccessor.java:104)
	at java.base/java.lang.reflect.Method.invoke(Method.java:578)
	at org.springframework.scheduling.support.ScheduledMethodRunnable.runInternal(ScheduledMethodRunnable.java:130)
	at org.springframework.scheduling.support.ScheduledMethodRunnable.lambda$run$2(ScheduledMethodRunnable.java:124)
	at io.micrometer.observation.Observation.observe(Observation.java:499)
	at org.springframework.scheduling.support.ScheduledMethodRunnable.run(ScheduledMethodRunnable.java:124)
	at org.springframework.scheduling.support.DelegatingErrorHandlingRunnable.run(DelegatingErrorHandlingRunnable.java:54)
	at org.springframework.scheduling.concurrent.ReschedulingRunnable.run(ReschedulingRunnable.java:96)
	at java.base/java.util.concurrent.Executors$RunnableAdapter.call(Executors.java:577)
	at java.base/java.util.concurrent.FutureTask.run(FutureTask.java:317)
	at java.base/java.util.concurrent.ScheduledThreadPoolExecutor$ScheduledFutureTask.run(ScheduledThreadPoolExecutor.java:304)
	at java.base/java.util.concurrent.ThreadPoolExecutor.runWorker(ThreadPoolExecutor.java:1144)
	at java.base/java.util.concurrent.ThreadPoolExecutor$Worker.run(ThreadPoolExecutor.java:642)
	at java.base/java.lang.Thread.run(Thread.java:1623)
2024-03-28 14:37:36.133 [WARN]  [HikariPool-1 housekeeper] com.zaxxer.hikari.pool.HikariPool                  - HikariPool-1 - Thread starvation or clock leap detected (housekeeper delta=17m30s37ms).
2024-03-28 16:10:45.238 [WARN]  [HikariPool-1 housekeeper] com.zaxxer.hikari.pool.HikariPool                  - HikariPool-1 - Thread starvation or clock leap detected (housekeeper delta=1h33m9s106ms).
2024-03-28 16:52:06.187 [WARN]  [HikariPool-1 housekeeper] com.zaxxer.hikari.pool.HikariPool                  - HikariPool-1 - Thread starvation or clock leap detected (housekeeper delta=41m20s949ms).
2024-03-28 17:06:35.013 [WARN]  [HikariPool-1 housekeeper] com.zaxxer.hikari.pool.HikariPool                  - HikariPool-1 - Thread starvation or clock leap detected (housekeeper delta=14m28s826ms).
2024-03-28 17:53:25.811 [WARN]  [HikariPool-1 housekeeper] com.zaxxer.hikari.pool.HikariPool                  - HikariPool-1 - Thread starvation or clock leap detected (housekeeper delta=45m20s784ms).
2024-03-28 17:54:25.977 [INFO]  [AsyncResolver-bootstrap-executor-0] c.n.d.s.r.aws.ConfigClusterResolver                - Resolving eureka endpoints via configuration
2024-03-28 18:15:57.829 [WARN]  [HikariPool-1 housekeeper] com.zaxxer.hikari.pool.HikariPool                  - HikariPool-1 - Thread starvation or clock leap detected (housekeeper delta=19m31s994ms).
2024-03-28 18:18:27.980 [INFO]  [AsyncResolver-bootstrap-executor-0] c.n.d.s.r.aws.ConfigClusterResolver                - Resolving eureka endpoints via configuration
2024-03-28 19:16:46.395 [WARN]  [HikariPool-1 housekeeper] com.zaxxer.hikari.pool.HikariPool                  - HikariPool-1 - Thread starvation or clock leap detected (housekeeper delta=54m48s520ms).
2024-03-28 19:17:46.508 [INFO]  [AsyncResolver-bootstrap-executor-0] c.n.d.s.r.aws.ConfigClusterResolver                - Resolving eureka endpoints via configuration
2024-03-28 19:22:46.537 [INFO]  [AsyncResolver-bootstrap-executor-0] c.n.d.s.r.aws.ConfigClusterResolver                - Resolving eureka endpoints via configuration
2024-03-28 19:36:56.282 [WARN]  [HikariPool-1 housekeeper] com.zaxxer.hikari.pool.HikariPool                  - HikariPool-1 - Thread starvation or clock leap detected (housekeeper delta=11m9s801ms).
2024-03-28 19:38:26.341 [INFO]  [AsyncResolver-bootstrap-executor-0] c.n.d.s.r.aws.ConfigClusterResolver                - Resolving eureka endpoints via configuration
2024-03-28 19:43:26.355 [INFO]  [AsyncResolver-bootstrap-executor-0] c.n.d.s.r.aws.ConfigClusterResolver                - Resolving eureka endpoints via configuration
2024-03-28 19:48:26.364 [INFO]  [AsyncResolver-bootstrap-executor-0] c.n.d.s.r.aws.ConfigClusterResolver                - Resolving eureka endpoints via configuration
2024-03-28 19:53:26.377 [INFO]  [AsyncResolver-bootstrap-executor-0] c.n.d.s.r.aws.ConfigClusterResolver                - Resolving eureka endpoints via configuration
2024-03-28 19:58:26.391 [INFO]  [AsyncResolver-bootstrap-executor-0] c.n.d.s.r.aws.ConfigClusterResolver                - Resolving eureka endpoints via configuration
2024-03-28 20:03:26.407 [INFO]  [AsyncResolver-bootstrap-executor-0] c.n.d.s.r.aws.ConfigClusterResolver                - Resolving eureka endpoints via configuration
2024-03-28 20:08:26.415 [INFO]  [AsyncResolver-bootstrap-executor-0] c.n.d.s.r.aws.ConfigClusterResolver                - Resolving eureka endpoints via configuration
2024-03-28 20:13:26.408 [INFO]  [AsyncResolver-bootstrap-executor-0] c.n.d.s.r.aws.ConfigClusterResolver                - Resolving eureka endpoints via configuration
2024-03-28 20:18:26.420 [INFO]  [AsyncResolver-bootstrap-executor-0] c.n.d.s.r.aws.ConfigClusterResolver                - Resolving eureka endpoints via configuration
2024-03-28 20:23:26.428 [INFO]  [AsyncResolver-bootstrap-executor-0] c.n.d.s.r.aws.ConfigClusterResolver                - Resolving eureka endpoints via configuration
2024-03-28 20:28:26.409 [INFO]  [AsyncResolver-bootstrap-executor-0] c.n.d.s.r.aws.ConfigClusterResolver                - Resolving eureka endpoints via configuration
2024-03-28 20:33:26.418 [INFO]  [AsyncResolver-bootstrap-executor-0] c.n.d.s.r.aws.ConfigClusterResolver                - Resolving eureka endpoints via configuration
2024-03-28 20:38:26.432 [INFO]  [AsyncResolver-bootstrap-executor-0] c.n.d.s.r.aws.ConfigClusterResolver                - Resolving eureka endpoints via configuration
2024-03-28 20:43:26.441 [INFO]  [AsyncResolver-bootstrap-executor-0] c.n.d.s.r.aws.ConfigClusterResolver                - Resolving eureka endpoints via configuration
2024-03-28 20:48:26.447 [INFO]  [AsyncResolver-bootstrap-executor-0] c.n.d.s.r.aws.ConfigClusterResolver                - Resolving eureka endpoints via configuration
2024-03-28 20:53:26.471 [INFO]  [AsyncResolver-bootstrap-executor-0] c.n.d.s.r.aws.ConfigClusterResolver                - Resolving eureka endpoints via configuration
2024-03-28 20:58:26.473 [INFO]  [AsyncResolver-bootstrap-executor-0] c.n.d.s.r.aws.ConfigClusterResolver                - Resolving eureka endpoints via configuration
2024-03-28 21:03:26.483 [INFO]  [AsyncResolver-bootstrap-executor-0] c.n.d.s.r.aws.ConfigClusterResolver                - Resolving eureka endpoints via configuration
2024-03-28 21:08:26.494 [INFO]  [AsyncResolver-bootstrap-executor-0] c.n.d.s.r.aws.ConfigClusterResolver                - Resolving eureka endpoints via configuration
2024-03-28 21:13:26.500 [INFO]  [AsyncResolver-bootstrap-executor-0] c.n.d.s.r.aws.ConfigClusterResolver                - Resolving eureka endpoints via configuration
2024-03-28 21:18:26.509 [INFO]  [AsyncResolver-bootstrap-executor-0] c.n.d.s.r.aws.ConfigClusterResolver                - Resolving eureka endpoints via configuration
2024-03-28 21:23:26.537 [INFO]  [AsyncResolver-bootstrap-executor-0] c.n.d.s.r.aws.ConfigClusterResolver                - Resolving eureka endpoints via configuration
2024-03-28 21:28:26.543 [INFO]  [AsyncResolver-bootstrap-executor-0] c.n.d.s.r.aws.ConfigClusterResolver                - Resolving eureka endpoints via configuration
2024-03-28 21:33:26.560 [INFO]  [AsyncResolver-bootstrap-executor-0] c.n.d.s.r.aws.ConfigClusterResolver                - Resolving eureka endpoints via configuration
2024-03-28 21:36:19.050 [INFO]  [SpringApplicationShutdownHook] o.s.c.n.e.s.EurekaServiceRegistry                  - Unregistering application PAYMENTSERVICE with eureka with status DOWN
2024-03-28 21:36:19.051 [INFO]  [SpringApplicationShutdownHook] com.netflix.discovery.DiscoveryClient              - Saw local status change event StatusChangeEvent [timestamp=1711641979051, current=DOWN, previous=UP]
2024-03-28 21:36:19.053 [INFO]  [DiscoveryClient-InstanceInfoReplicator-0] com.netflix.discovery.DiscoveryClient              - DiscoveryClient_PAYMENTSERVICE/192.168.1.18:paymentservice:9090: registering service...
2024-03-28 21:36:19.085 [INFO]  [DiscoveryClient-InstanceInfoReplicator-0] com.netflix.discovery.DiscoveryClient              - DiscoveryClient_PAYMENTSERVICE/192.168.1.18:paymentservice:9090 - registration status: 204
2024-03-28 21:36:19.093 [INFO]  [SpringApplicationShutdownHook] o.s.o.j.LocalContainerEntityManagerFactoryBean     - Closing JPA EntityManagerFactory for persistence unit 'default'
2024-03-28 21:36:19.104 [INFO]  [SpringApplicationShutdownHook] com.zaxxer.hikari.HikariDataSource                 - HikariPool-1 - Shutdown initiated...
2024-03-28 21:36:19.110 [INFO]  [SpringApplicationShutdownHook] com.zaxxer.hikari.HikariDataSource                 - HikariPool-1 - Shutdown completed.
2024-03-28 21:36:19.110 [INFO]  [SpringApplicationShutdownHook] com.netflix.discovery.DiscoveryClient              - Shutting down DiscoveryClient ...
2024-03-28 21:36:22.115 [INFO]  [SpringApplicationShutdownHook] com.netflix.discovery.DiscoveryClient              - Unregistering ...
2024-03-28 21:36:22.122 [INFO]  [SpringApplicationShutdownHook] com.netflix.discovery.DiscoveryClient              - DiscoveryClient_PAYMENTSERVICE/192.168.1.18:paymentservice:9090 - deregister  status: 200
2024-03-28 21:36:22.126 [INFO]  [SpringApplicationShutdownHook] com.netflix.discovery.DiscoveryClient              - Completed shut down of DiscoveryClient
